<?xml version="1.0" encoding="UTF-8"?>
<!-- Generated by org.testng.reporters.JUnitXMLReporter -->
<testsuite hostname="DESKTOP-V64TCNQ" ignored="0" name="test" tests="4" failures="0" timestamp="2020-02-12T14:24:41 EST" time="67.395" errors="0">
  <testcase name="verifylink1" time="0.467" classname="Tests.NewTest4"/>
  <testcase name="verifylink2" time="7.04" classname="Tests.NewTest4"/>
  <testcase name="verifylink3" time="5.325" classname="Tests.NewTest4"/>
  <testcase name="calclate" time="33.417" classname="Tests.NewTest5"/>
</testsuite> <!-- test -->
