<?xml version="1.0" encoding="UTF-8"?>
<!-- Generated by org.testng.reporters.JUnitXMLReporter -->
<testsuite hostname="DESKTOP-V64TCNQ" ignored="0" name="Default test" tests="3" failures="0" timestamp="2020-02-12T15:37:43 EST" time="51.552" errors="0">
  <testcase name="verifyolx" time="15.232" classname="Tests.NewTest6"/>
  <testcase name="verifyolx" time="18.1" classname="Tests.NewTest6"/>
  <testcase name="verifyolx" time="18.123" classname="Tests.NewTest6"/>
</testsuite> <!-- Default test -->
