<?xml version="1.0" encoding="UTF-8"?>
<testng-results skipped="0" failed="0" ignored="0" total="3" passed="3">
  <reporter-output>
  </reporter-output>
  <suite name="Default suite" duration-ms="51552" started-at="2020-02-12T15:36:52 EST" finished-at="2020-02-12T15:37:43 EST">
    <groups>
    </groups>
    <test name="Default test" duration-ms="51552" started-at="2020-02-12T15:36:52 EST" finished-at="2020-02-12T15:37:43 EST">
      <class name="Tests.NewTest6">
        <test-method status="PASS" signature="verifyolx(java.lang.String, java.lang.String)[pri:0, instance:Tests.NewTest6@3701eaf6]" name="verifyolx" duration-ms="15232" started-at="2020-02-12T15:36:52 EST" data-provider="searchprovider" finished-at="2020-02-12T15:37:07 EST">
          <params>
            <param index="0">
              <value>
                <![CDATA[Kolkata]]>
              </value>
            </param>
            <param index="1">
              <value>
                <![CDATA[Bikes]]>
              </value>
            </param>
          </params>
          <reporter-output>
          </reporter-output>
        </test-method> <!-- verifyolx -->
        <test-method status="PASS" signature="verifyolx(java.lang.String, java.lang.String)[pri:0, instance:Tests.NewTest6@3701eaf6]" name="verifyolx" duration-ms="18100" started-at="2020-02-12T15:37:07 EST" data-provider="searchprovider" finished-at="2020-02-12T15:37:25 EST">
          <params>
            <param index="0">
              <value>
                <![CDATA[Chennai]]>
              </value>
            </param>
            <param index="1">
              <value>
                <![CDATA[fans]]>
              </value>
            </param>
          </params>
          <reporter-output>
          </reporter-output>
        </test-method> <!-- verifyolx -->
        <test-method status="PASS" signature="verifyolx(java.lang.String, java.lang.String)[pri:0, instance:Tests.NewTest6@3701eaf6]" name="verifyolx" duration-ms="18123" started-at="2020-02-12T15:37:25 EST" data-provider="searchprovider" finished-at="2020-02-12T15:37:43 EST">
          <params>
            <param index="0">
              <value>
                <![CDATA[Bangalore]]>
              </value>
            </param>
            <param index="1">
              <value>
                <![CDATA[mobile]]>
              </value>
            </param>
          </params>
          <reporter-output>
          </reporter-output>
        </test-method> <!-- verifyolx -->
      </class> <!-- Tests.NewTest6 -->
    </test> <!-- Default test -->
  </suite> <!-- Default suite -->
</testng-results>
