<?xml version="1.0" encoding="UTF-8"?>
<!-- Generated by org.testng.reporters.JUnitXMLReporter -->
<testsuite hostname="DESKTOP-V64TCNQ" ignored="0" name="test" tests="4" failures="0" timestamp="2020-02-12T11:19:52 EST" time="0.119" errors="0">
  <testcase name="Search" time="0.008" classname="Tests.NewTest1"/>
  <testcase name="Help" time="0.002" classname="Tests.NewTest1"/>
  <testcase name="Buy" time="0.007" classname="Tests.NewTest2"/>
  <testcase name="Delete" time="0.005" classname="Tests.NewTest2"/>
</testsuite> <!-- test -->
